\BOOKMARK [0][-]{section*.1}{Table des mati\350res}{}% 1
\BOOKMARK [0][-]{chapter.1}{Introduction}{}% 2
\BOOKMARK [1][-]{section.1.1}{Hadronth\351rapie}{chapter.1}% 3
\BOOKMARK [2][-]{subsection.1.1.1}{Int\351r\352ts}{section.1.1}% 4
\BOOKMARK [2][-]{subsection.1.1.2}{D\351fis}{section.1.1}% 5
\BOOKMARK [1][-]{section.1.2}{Cr\351ation et d\351livrance d'un faisceau d'ion}{chapter.1}% 6
\BOOKMARK [1][-]{section.1.3}{Interaction ion-mati\350re}{chapter.1}% 7
\BOOKMARK [2][-]{subsection.1.3.1}{Physique des interactions}{section.1.3}% 8
\BOOKMARK [1][-]{section.1.4}{Contr\364le du parcours des ions lors de l'hadronth\351rapie}{chapter.1}% 9
\BOOKMARK [2][-]{subsection.1.4.1}{\311tat de l'art}{section.1.4}% 10
\BOOKMARK [2][-]{subsection.1.4.2}{Projet CLaRyS}{section.1.4}% 11
\BOOKMARK [1][-]{section.1.5}{Simulations num\351riques de l'\351mission des rayons PG}{chapter.1}% 12
\BOOKMARK [2][-]{subsection.1.5.1}{\311tat de l'art}{section.1.5}% 13
\BOOKMARK [2][-]{subsection.1.5.2}{La technique "vpgTLE"}{section.1.5}% 14
\BOOKMARK [0][-]{chapter.2}{Caract\351risation de blocs BGO pour la d\351tection de rayons gamma prompts}{}% 15
\BOOKMARK [0][-]{chapter.3}{Mod\351lisation de l'\351mission des rayons gamma par simulations Monte Carlo hybrides \(vpgTLE\)}{}% 16
\BOOKMARK [1][-]{section.3.1}{Introduction}{chapter.3}% 17
\BOOKMARK [1][-]{section.3.2}{Mat\351riel et m\351thodes}{chapter.3}% 18
\BOOKMARK [2][-]{subsection.3.2.1}{\311tude de la corr\351lation entre \351nergie et temps d'\351mission des gammas}{section.3.2}% 19
\BOOKMARK [2][-]{subsection.3.2.2}{Impl\351mentation de l'information temporelle dans le vpgTLE}{section.3.2}% 20
\BOOKMARK [1][-]{section.3.3}{R\351sultats}{chapter.3}% 21
\BOOKMARK [2][-]{subsection.3.3.1}{\311tude de la corr\351lation entre \351nergie et temps d'\351mission des gammas}{section.3.3}% 22
\BOOKMARK [2][-]{subsection.3.3.2}{Impl\351mentation de l'information temporelle dans le vpgTLE}{section.3.3}% 23
\BOOKMARK [1][-]{section.3.4}{Discussion}{chapter.3}% 24
\BOOKMARK [2][-]{subsection.3.4.1}{\311tude de la corr\351lation entre \351nergie et temps d'\351mission des gammas}{section.3.4}% 25
\BOOKMARK [2][-]{subsection.3.4.2}{Impl\351mentation de l'information temporelle dans le vpgTLE}{section.3.4}% 26
\BOOKMARK [0][-]{section*.15}{Bibliographie}{}% 27
